c:\users\colosu\documents\github\snake\snake\debug\vc120.pdb
c:\users\colosu\documents\github\snake\snake\debug\vc120.idb
c:\users\colosu\documents\github\snake\snake\debug\main.obj
c:\users\colosu\documents\github\snake\snake\debug\mapa.obj
c:\users\colosu\documents\github\snake\snake\debug\presentacion.obj
c:\users\colosu\documents\github\snake\snake\debug\movimiento.obj
c:\users\colosu\documents\github\snake\snake\debug\serpiente.obj
c:\users\colosu\documents\github\snake\snake\debug\snake.ilk
c:\users\colosu\documents\github\snake\snake\debug\snake.exe
c:\users\colosu\documents\github\snake\snake\debug\snake.pdb
c:\users\colosu\documents\github\snake\snake\debug\snake.tlog\cl.command.1.tlog
c:\users\colosu\documents\github\snake\snake\debug\snake.tlog\cl.read.1.tlog
c:\users\colosu\documents\github\snake\snake\debug\snake.tlog\cl.write.1.tlog
c:\users\colosu\documents\github\snake\snake\debug\snake.tlog\link.3240-cvtres.read.1.tlog
c:\users\colosu\documents\github\snake\snake\debug\snake.tlog\link.3240-cvtres.write.1.tlog
c:\users\colosu\documents\github\snake\snake\debug\snake.tlog\link.3240-rc.read.1.tlog
c:\users\colosu\documents\github\snake\snake\debug\snake.tlog\link.3240-rc.write.1.tlog
c:\users\colosu\documents\github\snake\snake\debug\snake.tlog\link.3240.read.1.tlog
c:\users\colosu\documents\github\snake\snake\debug\snake.tlog\link.3240.write.1.tlog
c:\users\colosu\documents\github\snake\snake\debug\snake.tlog\link.command.1.tlog
c:\users\colosu\documents\github\snake\snake\debug\snake.tlog\link.read.1.tlog
c:\users\colosu\documents\github\snake\snake\debug\snake.tlog\link.write.1.tlog
